<?xml version="1.0" encoding="utf-8"?><testsuites name="pytest tests"><testsuite name="pytest" errors="0" failures="0" skipped="0" tests="18" time="29.751" timestamp="2026-07-19T15:45:10.035268+00:00" hostname="agent-env-0057b71b-ff43-4431-8fee-fb76a892d131"><testcase classname="backend.tests.test_video_upload_analysis.TestHealth" name="test_root" time="0.202" /><testcase classname="backend.tests.test_video_upload_analysis.TestAuthGuard" name="test_upload_requires_auth" time="0.099" /><testcase classname="backend.tests.test_video_upload_analysis.TestAuthGuard" name="test_analyze_requires_auth" time="0.100" /><testcase classname="backend.tests.test_video_upload_analysis.TestAuthGuard" name="test_get_me_ok" time="0.107" /><testcase classname="backend.tests.test_video_upload_analysis.TestVideoUpload" name="test_upload_all_shot_types[serve]" time="0.101" /><testcase classname="backend.tests.test_video_upload_analysis.TestVideoUpload" name="test_upload_all_shot_types[forehand]" time="0.096" /><testcase classname="backend.tests.test_video_upload_analysis.TestVideoUpload" name="test_upload_all_shot_types[backhand]" time="0.097" /><testcase classname="backend.tests.test_video_upload_analysis.TestVideoUpload" name="test_upload_all_shot_types[volley]" time="0.105" /><testcase classname="backend.tests.test_video_upload_analysis.TestVideoUpload" name="test_upload_short_mock_data" time="0.106" /><testcase classname="backend.tests.test_video_upload_analysis.TestVideoUpload" name="test_upload_larger_mock_data" time="0.101" /><testcase classname="backend.tests.test_video_upload_analysis.TestVideoUpload" name="test_first_upload_achievement_awarded" time="0.101" /><testcase classname="backend.tests.test_video_upload_analysis.TestVideoAnalysis" name="test_analyze_all_shot_types[serve]" time="5.251" /><testcase classname="backend.tests.test_video_upload_analysis.TestVideoAnalysis" name="test_analyze_all_shot_types[forehand]" time="3.139" /><testcase classname="backend.tests.test_video_upload_analysis.TestVideoAnalysis" name="test_analyze_all_shot_types[backhand]" time="3.818" /><testcase classname="backend.tests.test_video_upload_analysis.TestVideoAnalysis" name="test_analyze_all_shot_types[volley]" time="3.902" /><testcase classname="backend.tests.test_video_upload_analysis.TestVideoAnalysis" name="test_analyze_nonexistent_video" time="0.109" /><testcase classname="backend.tests.test_video_upload_analysis.TestVideoAnalysis" name="test_xp_increments_after_analysis" time="3.800" /><testcase classname="backend.tests.test_video_upload_analysis.TestFullFlow" name="test_upload_analyze_list_persistence" time="8.484" /></testsuite></testsuites>